[M::mm_idx_gen::0.002*2.23] collected minimizers
[M::mm_idx_gen::0.005*3.35] sorted minimizers
[M::main::0.005*3.34] loaded/built the index for 1 target sequence(s)
[M::mm_mapopt_update::0.005*3.20] mid_occ = 200
[M::mm_idx_stat] kmer size: 19; skip: 19; is_hpc: 0; #seq: 1
[M::mm_idx_stat::0.006*3.11] distinct minimizers: 4833 (99.90% are singletons); average occurrences: 1.001; average spacing: 10.041
[M::worker_pipeline::0.008*2.53] mapped 6 sequences
[M::main] Version: 2.17-r941
[M::main] CMD: /shared/ifbstor1/software/miniconda/envs/quast-5.0.2/bin/minimap2 -c -x asm5 -B5 -O4,16 --no-long-join -r 85 -N 50 -s 65 -z 200 --mask-level 0.9 --min-occ 200 -g 2500 --score-N 2 --cs -t 10 /shared/ifbstor1/projects/tetraselmis_assembly/python/TP_MASB_Limasset/all/quast_corrected_input/Reference_1.fa /shared/ifbstor1/projects/tetraselmis_assembly/python/TP_MASB_Limasset/all/quast_corrected_input/sortie_medium.fasta
[M::main] Real time: 0.010 sec; CPU: 0.022 sec; Peak RSS: 0.060 GB
1  Nothing aligned for /shared/ifbstor1/projects/tetraselmis_assembly/python/TP_MASB_Limasset/all/quast_corrected_input/sortie_medium.fasta
[M::mm_idx_gen::0.005*1.51] collected minimizers
[M::mm_idx_gen::0.007*1.77] sorted minimizers
[M::main::0.007*1.77] loaded/built the index for 1 target sequence(s)
[M::mm_mapopt_update::0.008*1.74] mid_occ = 200
[M::mm_idx_stat] kmer size: 19; skip: 19; is_hpc: 0; #seq: 1
[M::mm_idx_stat::0.008*1.72] distinct minimizers: 4833 (99.90% are singletons); average occurrences: 1.001; average spacing: 10.041
[M::worker_pipeline::0.010*1.56] mapped 6 sequences
[M::main] Version: 2.17-r941
[M::main] CMD: /shared/ifbstor1/software/miniconda/envs/quast-5.0.2/bin/minimap2 -c -x asm5 -B5 -O4,16 --no-long-join -r 85 -N 50 -s 65 -z 200 --mask-level 0.9 --min-occ 200 -g 2500 --score-N 2 --cs -t 5 /shared/ifbstor1/projects/tetraselmis_assembly/python/TP_MASB_Limasset/all/quast_corrected_input/Reference_1.fa /shared/ifbstor1/projects/tetraselmis_assembly/python/TP_MASB_Limasset/all/quast_corrected_input/sortie_medium.fasta
[M::main] Real time: 0.012 sec; CPU: 0.017 sec; Peak RSS: 0.070 GB
1  Nothing aligned for /shared/ifbstor1/projects/tetraselmis_assembly/python/TP_MASB_Limasset/all/quast_corrected_input/sortie_medium.fasta
