[M::mm_idx_gen::0.002*2.23] collected minimizers
[M::mm_idx_gen::0.005*3.88] sorted minimizers
[M::main::0.005*3.86] loaded/built the index for 1 target sequence(s)
[M::mm_mapopt_update::0.006*3.71] mid_occ = 200
[M::mm_idx_stat] kmer size: 19; skip: 19; is_hpc: 0; #seq: 1
[M::mm_idx_stat::0.006*3.60] distinct minimizers: 4833 (99.90% are singletons); average occurrences: 1.001; average spacing: 10.041
[M::worker_pipeline::0.007*3.28] mapped 2 sequences
[M::main] Version: 2.17-r941
[M::main] CMD: /shared/ifbstor1/software/miniconda/envs/quast-5.0.2/bin/minimap2 -c -x asm5 -B5 -O4,16 --no-long-join -r 85 -N 50 -s 65 -z 200 --mask-level 0.9 --min-occ 200 -g 2500 --score-N 2 --cs -t 10 /shared/ifbstor1/projects/tetraselmis_assembly/python/TP_MASB_Limasset/all/quast_corrected_input/Reference_1.fa /shared/ifbstor1/projects/tetraselmis_assembly/python/TP_MASB_Limasset/all/quast_corrected_input/sortie_Hard.fasta
[M::main] Real time: 0.008 sec; CPU: 0.023 sec; Peak RSS: 0.060 GB
2  Nothing aligned for /shared/ifbstor1/projects/tetraselmis_assembly/python/TP_MASB_Limasset/all/quast_corrected_input/sortie_Hard.fasta
[M::mm_idx_gen::0.003*1.81] collected minimizers
[M::mm_idx_gen::0.005*2.67] sorted minimizers
[M::main::0.005*2.65] loaded/built the index for 1 target sequence(s)
[M::mm_mapopt_update::0.006*2.54] mid_occ = 200
[M::mm_idx_stat] kmer size: 19; skip: 19; is_hpc: 0; #seq: 1
[M::mm_idx_stat::0.006*2.46] distinct minimizers: 4833 (99.90% are singletons); average occurrences: 1.001; average spacing: 10.041
[M::worker_pipeline::0.008*2.10] mapped 2 sequences
[M::main] Version: 2.17-r941
[M::main] CMD: /shared/ifbstor1/software/miniconda/envs/quast-5.0.2/bin/minimap2 -c -x asm5 -B5 -O4,16 --no-long-join -r 85 -N 50 -s 65 -z 200 --mask-level 0.9 --min-occ 200 -g 2500 --score-N 2 --cs -t 5 /shared/ifbstor1/projects/tetraselmis_assembly/python/TP_MASB_Limasset/all/quast_corrected_input/Reference_1.fa /shared/ifbstor1/projects/tetraselmis_assembly/python/TP_MASB_Limasset/all/quast_corrected_input/sortie_Hard.fasta
[M::main] Real time: 0.009 sec; CPU: 0.017 sec; Peak RSS: 0.070 GB
3  Nothing aligned for /shared/ifbstor1/projects/tetraselmis_assembly/python/TP_MASB_Limasset/all/quast_corrected_input/sortie_Hard.fasta
