Aligning contigs to reference...
	Aligning contigs to the reference
Filtering alignments...
Parsing coords...
Loading reference...
	Loaded [gi_9626243_ref_NC_001416.1_]
	Total Regions: 1
	Total Region Length: 48576
Analyzing contigs...
CONTIG: Contig_1 (74bp)
Best alignment score: 74.0 (LEN: 74, IDY: 100.00), Total number of alignments: 2
		This contig has 2 significant alignments. [An ambiguously mapped contig]
		Using only first of these alignment (option --ambiguity-usage is set to "one"):
			Alignment: 30065 30138 | 1 74 | 74 74 | 100.0 | gi_9626243_ref_NC_001416.1_ Contig_1
			Skipping alignment 3397 3470 | 1 74 | 74 74 | 100.0 | gi_9626243_ref_NC_001416.1_ Contig_1

Analyzing coverage...
Writing SNPs into /shared/ifbstor1/projects/tetraselmis_assembly/python/TP_MASB_Limasset/quast_alloutput/contigs_reports/minimap_output/sortie_reference1.used_snps.gz

Analysis is finished!
Founded SNPs were written into /shared/ifbstor1/projects/tetraselmis_assembly/python/TP_MASB_Limasset/quast_alloutput/contigs_reports/minimap_output/sortie_reference1.used_snps.gz

Results:
	Local Misassemblies: 0
	Misassemblies: 0
		Relocations: 0
		Translocations: 0
		Inversions: 0
	Scaffold gap extensive misassemblies: 0
	Scaffold gap local misassemblies: 0
	Misassembled Contigs: 0
	Misassembled Contig Bases: 0
	Misassemblies Inter-Contig Overlap: 0
Unaligned Contigs: 0 + 0 part
Half Unaligned Contigs with Misassemblies: 0
Unaligned Contig Bases: 0

Ambiguously Mapped Contigs: 1
Total Bases in Ambiguously Mapped Contigs: 74
Extra Bases in Ambiguously Mapped Contigs: 0
Note that --allow-ambiguity option was set to "one" and only first alignment per each of these contigs was used.

	Covered Bases: 74

	SNPs: 0
	Insertions: 0
	Deletions: 0

