Aligning contigs to reference...
	Using existing alignments...
Parsing coords...
Loading reference...
	Loaded [gi_9626243_ref_NC_001416.1_]
	Total Regions: 1
	Total Region Length: 48576
Analyzing contigs...
CONTIG: Contig_1 (45123bp)
Best alignment score: 45105.0 (LEN: 45123, IDY: 99.96), Total number of alignments: 1
		One align captures most of this contig: 3451 48553 | 1 45123 | 45103 45123 | 99.96 | gi_9626243_ref_NC_001416.1_ Contig_1

Analyzing coverage...
Writing SNPs into /shared/ifbstor1/projects/tetraselmis_assembly/python/TP_MASB_Limasset/quast_alloutput/contigs_reports/minimap_output/sortie_sequencagesserreur.used_snps.gz

Analysis is finished!
Founded SNPs were written into /shared/ifbstor1/projects/tetraselmis_assembly/python/TP_MASB_Limasset/quast_alloutput/contigs_reports/minimap_output/sortie_sequencagesserreur.used_snps.gz

Results:
	Local Misassemblies: 0
	Misassemblies: 0
		Relocations: 0
		Translocations: 0
		Inversions: 0
	Scaffold gap extensive misassemblies: 0
	Scaffold gap local misassemblies: 0
	Misassembled Contigs: 0
	Misassembled Contig Bases: 0
	Misassemblies Inter-Contig Overlap: 0
Unaligned Contigs: 0 + 0 part
Half Unaligned Contigs with Misassemblies: 0
Unaligned Contig Bases: 0

Ambiguously Mapped Contigs: 0
Total Bases in Ambiguously Mapped Contigs: 0
Extra Bases in Ambiguously Mapped Contigs: 0
Note that --allow-ambiguity option was set to "one" and only first alignment per each of these contigs was used.

	Covered Bases: 45103

	SNPs: 0
	Insertions: 20
	Deletions: 0

