[M::mm_idx_gen::0.004*1.44] collected minimizers
[M::mm_idx_gen::0.006*2.15] sorted minimizers
[M::main::0.006*2.15] loaded/built the index for 1 target sequence(s)
[M::mm_mapopt_update::0.006*2.10] mid_occ = 200
[M::mm_idx_stat] kmer size: 19; skip: 19; is_hpc: 0; #seq: 1
[M::mm_idx_stat::0.007*2.06] distinct minimizers: 4833 (99.90% are singletons); average occurrences: 1.001; average spacing: 10.041
[M::worker_pipeline::0.010*1.80] mapped 6 sequences
[M::main] Version: 2.17-r941
[M::main] CMD: /shared/ifbstor1/software/miniconda/envs/quast-5.0.2/bin/minimap2 -c -x asm5 -B5 -O4,16 --no-long-join -r 85 -N 50 -s 65 -z 200 --mask-level 0.9 --min-occ 200 -g 2500 --score-N 2 --cs -t 6 /shared/ifbstor1/projects/tetraselmis_assembly/python/TP_MASB_Limasset/quast_alloutput/quast_corrected_input/Reference_1.fa /shared/ifbstor1/projects/tetraselmis_assembly/python/TP_MASB_Limasset/quast_alloutput/quast_corrected_input/sortie_medium.fasta
[M::main] Real time: 0.011 sec; CPU: 0.018 sec; Peak RSS: 0.065 GB
2  Nothing aligned for /shared/ifbstor1/projects/tetraselmis_assembly/python/TP_MASB_Limasset/quast_alloutput/quast_corrected_input/sortie_medium.fasta
[M::mm_idx_gen::0.004*1.58] collected minimizers
[M::mm_idx_gen::0.028*0.70] sorted minimizers
[M::main::0.028*0.70] loaded/built the index for 1 target sequence(s)
[M::mm_mapopt_update::0.028*0.71] mid_occ = 200
[M::mm_idx_stat] kmer size: 19; skip: 19; is_hpc: 0; #seq: 1
[M::mm_idx_stat::0.028*0.71] distinct minimizers: 4833 (99.90% are singletons); average occurrences: 1.001; average spacing: 10.041
[M::worker_pipeline::0.032*0.80] mapped 6 sequences
[M::main] Version: 2.17-r941
[M::main] CMD: /shared/ifbstor1/software/miniconda/envs/quast-5.0.2/bin/minimap2 -c -x asm5 -B5 -O4,16 --no-long-join -r 85 -N 50 -s 65 -z 200 --mask-level 0.9 --min-occ 200 -g 2500 --score-N 2 --cs -t 8 /shared/ifbstor1/projects/tetraselmis_assembly/python/TP_MASB_Limasset/quast_alloutput/quast_corrected_input/Reference_1.fa /shared/ifbstor1/projects/tetraselmis_assembly/python/TP_MASB_Limasset/quast_alloutput/quast_corrected_input/sortie_medium.fasta
[M::main] Real time: 0.034 sec; CPU: 0.028 sec; Peak RSS: 0.069 GB
1  Nothing aligned for /shared/ifbstor1/projects/tetraselmis_assembly/python/TP_MASB_Limasset/quast_alloutput/quast_corrected_input/sortie_medium.fasta
