/shared/ifbstor1/software/miniconda/envs/quast-5.0.2/bin/quast.py --threads 32 --min-contig 1 -r Reference_1.fa -o quast_only_medium sortie_medium.fasta

Version: 5.0.2

System information:
  OS: Linux-3.10.0-1160.6.1.el7.x86_64-x86_64-with-centos-7.5.1804-Core (linux_64)
  Python version: 3.6.12
  CPUs number: 56

Started: 2023-05-05 17:34:38

Logging to /shared/ifbstor1/projects/tetraselmis_assembly/python/TP_MASB_Limasset/quast_only_medium/quast.log

CWD: /shared/ifbstor1/projects/tetraselmis_assembly/python/TP_MASB_Limasset
Main parameters: 
  MODE: default, threads: 32, minimum contig length: 1, minimum alignment length: 65, \
  ambiguity: one, threshold for extensive misassembly size: 1000

Reference:
  /shared/ifbstor1/projects/tetraselmis_assembly/python/TP_MASB_Limasset/Reference_1.fa ==> Reference_1

Contigs:
  Pre-processing...
  sortie_medium.fasta ==> sortie_medium

2023-05-05 17:34:39
Running Basic statistics processor...
  Reference genome:
    Reference_1.fa, length = 48576, num fragments = 1, GC % = 49.87
  Contig files: 
    sortie_medium
  Calculating N50 and L50...
    sortie_medium, N50 = 7416, L50 = 1, Total length = 11310, GC % = 38.01, # N's per 100 kbp =  0.00
  Drawing Nx plot...
    saved to /shared/ifbstor1/projects/tetraselmis_assembly/python/TP_MASB_Limasset/quast_only_medium/basic_stats/Nx_plot.pdf
  Drawing NGx plot...
    saved to /shared/ifbstor1/projects/tetraselmis_assembly/python/TP_MASB_Limasset/quast_only_medium/basic_stats/NGx_plot.pdf
  Drawing cumulative plot...
    saved to /shared/ifbstor1/projects/tetraselmis_assembly/python/TP_MASB_Limasset/quast_only_medium/basic_stats/cumulative_plot.pdf
  Drawing GC content plot...
    saved to /shared/ifbstor1/projects/tetraselmis_assembly/python/TP_MASB_Limasset/quast_only_medium/basic_stats/GC_content_plot.pdf
  Drawing sortie_medium GC content plot...
    saved to /shared/ifbstor1/projects/tetraselmis_assembly/python/TP_MASB_Limasset/quast_only_medium/basic_stats/sortie_medium_GC_content_plot.pdf
Done.

2023-05-05 17:34:40
Running Contig analyzer...
  sortie_medium
  Logging to files /shared/ifbstor1/projects/tetraselmis_assembly/python/TP_MASB_Limasset/quast_only_medium/contigs_reports/contigs_report_sortie_medium.stdout and contigs_report_sortie_medium.stderr...
  Aligning contigs to the reference
  /shared/ifbstor1/software/miniconda/envs/quast-5.0.2/bin/minimap2 -c -x asm5 -B5 \
  -O4,16 --no-long-join -r 85 -N 50 -s 65 -z 200 --mask-level 0.9 --min-occ 200 -g \
  2500 --score-N 2 --cs -t 32 quast_only_medium/quast_corrected_input/Reference_1.fa \
  quast_only_medium/quast_corrected_input/sortie_medium.fasta > quast_only_medium/contigs_reports/minimap_output/sortie_medium.coords_tmp \
  2>> quast_only_medium/contigs_reports/contigs_report_sortie_medium.stderr
  Nothing aligned for 'sortie_medium'.
Failed aligning the contigs for all the assemblies. Only basic stats are going to be evaluated.

NOTICE: Genes are not predicted by default. Use --gene-finding or --glimmer option to enable it.

2023-05-05 17:34:40
Creating large visual summaries...
This may take a while: press Ctrl-C to skip this step..
  1 of 2: Creating Icarus viewers...
  2 of 2: Creating PDF with all tables and plots...
Done

2023-05-05 17:34:41
RESULTS:
  Text versions of total report are saved to /shared/ifbstor1/projects/tetraselmis_assembly/python/TP_MASB_Limasset/quast_only_medium/report.txt, report.tsv, and report.tex
  Text versions of transposed total report are saved to /shared/ifbstor1/projects/tetraselmis_assembly/python/TP_MASB_Limasset/quast_only_medium/transposed_report.txt, transposed_report.tsv, and transposed_report.tex
  HTML version (interactive tables and plots) is saved to /shared/ifbstor1/projects/tetraselmis_assembly/python/TP_MASB_Limasset/quast_only_medium/report.html
  PDF version (tables and plots) is saved to /shared/ifbstor1/projects/tetraselmis_assembly/python/TP_MASB_Limasset/quast_only_medium/report.pdf
  Icarus (contig browser) is saved to /shared/ifbstor1/projects/tetraselmis_assembly/python/TP_MASB_Limasset/quast_only_medium/icarus.html
  Log is saved to /shared/ifbstor1/projects/tetraselmis_assembly/python/TP_MASB_Limasset/quast_only_medium/quast.log

Finished: 2023-05-05 17:34:41
Elapsed time: 0:00:03.583424
NOTICEs: 1; WARNINGs: 0; non-fatal ERRORs: 0

Thank you for using QUAST!
