[M::mm_idx_gen::0.004*1.74] collected minimizers
[M::mm_idx_gen::0.007*2.94] sorted minimizers
[M::main::0.007*2.92] loaded/built the index for 1 target sequence(s)
[M::mm_mapopt_update::0.007*2.81] mid_occ = 200
[M::mm_idx_stat] kmer size: 19; skip: 19; is_hpc: 0; #seq: 1
[M::mm_idx_stat::0.007*2.74] distinct minimizers: 4833 (99.90% are singletons); average occurrences: 1.001; average spacing: 10.041
[M::worker_pipeline::0.015*2.69] mapped 64 sequences
[M::main] Version: 2.17-r941
[M::main] CMD: /shared/ifbstor1/software/miniconda/envs/quast-5.0.2/bin/minimap2 -c -x asm5 -B5 -O4,16 --no-long-join -r 85 -N 50 -s 65 -z 200 --mask-level 0.9 --min-occ 200 -g 2500 --score-N 2 --cs -t 32 /shared/ifbstor1/projects/tetraselmis_assembly/python/TP_MASB_Limasset/quast_reaadsequen_1_after_asse/quast_corrected_input/Reference_1.fa /shared/ifbstor1/projects/tetraselmis_assembly/python/TP_MASB_Limasset/quast_reaadsequen_1_after_asse/quast_corrected_input/assembly_read_sequence1.fasta
[M::main] Real time: 0.018 sec; CPU: 0.042 sec; Peak RSS: 0.062 GB
[M::mm_idx_gen::0.004*1.48] collected minimizers
[M::mm_idx_gen::0.006*3.01] sorted minimizers
[M::main::0.006*2.99] loaded/built the index for 1 target sequence(s)
[M::mm_mapopt_update::0.006*2.90] mid_occ = 200
[M::mm_idx_stat] kmer size: 19; skip: 19; is_hpc: 0; #seq: 1
[M::mm_idx_stat::0.007*2.82] distinct minimizers: 4833 (99.90% are singletons); average occurrences: 1.001; average spacing: 10.041
[M::worker_pipeline::0.013*2.58] mapped 32 sequences
[M::main] Version: 2.17-r941
[M::main] CMD: /shared/ifbstor1/software/miniconda/envs/quast-5.0.2/bin/minimap2 -c -x asm5 -B5 -O4,16 --no-long-join -r 85 -N 50 -s 65 -z 200 --mask-level 0.9 --min-occ 200 -g 2500 --score-N 2 --cs -t 32 /shared/ifbstor1/projects/tetraselmis_assembly/python/TP_MASB_Limasset/quast_reaadsequen_1_after_asse/quast_corrected_input/Reference_1.fa /shared/ifbstor1/projects/tetraselmis_assembly/python/TP_MASB_Limasset/quast_reaadsequen_1_after_asse/quast_corrected_input/assembly_read_sequence1.fasta
[M::main] Real time: 0.016 sec; CPU: 0.037 sec; Peak RSS: 0.053 GB
[M::mm_idx_gen::0.004*1.40] collected minimizers
[M::mm_idx_gen::0.012*2.24] sorted minimizers
[M::main::0.012*2.23] loaded/built the index for 1 target sequence(s)
[M::mm_mapopt_update::0.012*2.20] mid_occ = 200
[M::mm_idx_stat] kmer size: 19; skip: 19; is_hpc: 0; #seq: 1
[M::mm_idx_stat::0.012*2.18] distinct minimizers: 4833 (99.90% are singletons); average occurrences: 1.001; average spacing: 10.041
[M::worker_pipeline::0.029*3.21] mapped 490 sequences
[M::main] Version: 2.17-r941
[M::main] CMD: /shared/ifbstor1/software/miniconda/envs/quast-5.0.2/bin/minimap2 -c -x asm5 -B5 -O4,16 --no-long-join -r 85 -N 50 -s 65 -z 200 --mask-level 0.9 --min-occ 200 -g 2500 --score-N 2 --cs -t 32 /shared/ifbstor1/projects/tetraselmis_assembly/python/TP_MASB_Limasset/quast_reaadsequen_1_after_asse/quast_corrected_input/Reference_1.fa /shared/ifbstor1/projects/tetraselmis_assembly/python/TP_MASB_Limasset/quast_reaadsequen_1_after_asse/quast_corrected_input/assembly_read_sequence1.fasta
[M::main] Real time: 0.031 sec; CPU: 0.096 sec; Peak RSS: 0.071 GB
