/shared/ifbstor1/software/miniconda/envs/quast-5.0.2/bin/quast.py --threads 32 --min-contig 1 -r Reference_1.fa -o quast_only_ssereur sortie_sequencagesserreur.fasta

Version: 5.0.2

System information:
  OS: Linux-3.10.0-1160.6.1.el7.x86_64-x86_64-with-centos-7.5.1804-Core (linux_64)
  Python version: 3.6.12
  CPUs number: 56

Started: 2023-05-05 17:20:38

Logging to /shared/ifbstor1/projects/tetraselmis_assembly/python/TP_MASB_Limasset/quast_only_ssereur/quast.log

CWD: /shared/ifbstor1/projects/tetraselmis_assembly/python/TP_MASB_Limasset
Main parameters: 
  MODE: default, threads: 32, minimum contig length: 1, minimum alignment length: 65, \
  ambiguity: one, threshold for extensive misassembly size: 1000

Reference:
  /shared/ifbstor1/projects/tetraselmis_assembly/python/TP_MASB_Limasset/Reference_1.fa ==> Reference_1

Contigs:
  Pre-processing...
  sortie_sequencagesserreur.fasta ==> sortie_sequencagesserreur

2023-05-05 17:20:45
Running Basic statistics processor...
  Reference genome:
    Reference_1.fa, length = 48576, num fragments = 1, GC % = 49.87
  Contig files: 
    sortie_sequencagesserreur
  Calculating N50 and L50...
    sortie_sequencagesserreur, N50 = 45123, L50 = 1, Total length = 45123, GC % = 49.54, # N's per 100 kbp =  0.00
  Drawing Nx plot...
    saved to /shared/ifbstor1/projects/tetraselmis_assembly/python/TP_MASB_Limasset/quast_only_ssereur/basic_stats/Nx_plot.pdf
  Drawing NGx plot...
    saved to /shared/ifbstor1/projects/tetraselmis_assembly/python/TP_MASB_Limasset/quast_only_ssereur/basic_stats/NGx_plot.pdf
  Drawing cumulative plot...
    saved to /shared/ifbstor1/projects/tetraselmis_assembly/python/TP_MASB_Limasset/quast_only_ssereur/basic_stats/cumulative_plot.pdf
  Drawing GC content plot...
    saved to /shared/ifbstor1/projects/tetraselmis_assembly/python/TP_MASB_Limasset/quast_only_ssereur/basic_stats/GC_content_plot.pdf
  Drawing sortie_sequencagesserreur GC content plot...
    saved to /shared/ifbstor1/projects/tetraselmis_assembly/python/TP_MASB_Limasset/quast_only_ssereur/basic_stats/sortie_sequencagesserreur_GC_content_plot.pdf
Done.

2023-05-05 17:20:47
Running Contig analyzer...
  sortie_sequencagesserreur
  Logging to files /shared/ifbstor1/projects/tetraselmis_assembly/python/TP_MASB_Limasset/quast_only_ssereur/contigs_reports/contigs_report_sortie_sequencagesserreur.stdout and contigs_report_sortie_sequencagesserreur.stderr...
  Aligning contigs to the reference
  /shared/ifbstor1/software/miniconda/envs/quast-5.0.2/bin/minimap2 -c -x asm5 -B5 \
  -O4,16 --no-long-join -r 85 -N 50 -s 65 -z 200 --mask-level 0.9 --min-occ 200 -g \
  2500 --score-N 2 --cs -t 32 quast_only_ssereur/quast_corrected_input/Reference_1.fa \
  quast_only_ssereur/quast_corrected_input/sortie_sequencagesserreur.fasta > quast_only_ssereur/contigs_reports/minimap_output/sortie_sequencagesserreur.coords_tmp \
  2>> quast_only_ssereur/contigs_reports/contigs_report_sortie_sequencagesserreur.stderr
  Analysis is finished.

  Creating total report...
    saved to /shared/ifbstor1/projects/tetraselmis_assembly/python/TP_MASB_Limasset/quast_only_ssereur/contigs_reports/misassemblies_report.txt, misassemblies_report.tsv, and misassemblies_report.tex
  Transposed version of total report...
    saved to /shared/ifbstor1/projects/tetraselmis_assembly/python/TP_MASB_Limasset/quast_only_ssereur/contigs_reports/transposed_report_misassemblies.txt, transposed_report_misassemblies.tsv, and transposed_report_misassemblies.tex
  Creating total report...
    saved to /shared/ifbstor1/projects/tetraselmis_assembly/python/TP_MASB_Limasset/quast_only_ssereur/contigs_reports/unaligned_report.txt, unaligned_report.tsv, and unaligned_report.tex
  Drawing misassemblies by types plot...
    saved to /shared/ifbstor1/projects/tetraselmis_assembly/python/TP_MASB_Limasset/quast_only_ssereur/contigs_reports/misassemblies_plot.pdf
  Drawing misassemblies FRCurve plot...
    saved to /shared/ifbstor1/projects/tetraselmis_assembly/python/TP_MASB_Limasset/quast_only_ssereur/contigs_reports/misassemblies_frcurve_plot.pdf
Done.

2023-05-05 17:20:47
Running NA-NGA calculation...
  sortie_sequencagesserreur, Largest alignment = 45123, NA50 = 45123, NGA50 = 45123, LA50 = 1, LGA50 = 1
  Drawing cumulative plot...
    saved to /shared/ifbstor1/projects/tetraselmis_assembly/python/TP_MASB_Limasset/quast_only_ssereur/aligned_stats/cumulative_plot.pdf
  Drawing NAx plot...
    saved to /shared/ifbstor1/projects/tetraselmis_assembly/python/TP_MASB_Limasset/quast_only_ssereur/aligned_stats/NAx_plot.pdf
  Drawing NGAx plot...
    saved to /shared/ifbstor1/projects/tetraselmis_assembly/python/TP_MASB_Limasset/quast_only_ssereur/aligned_stats/NGAx_plot.pdf
Done.

2023-05-05 17:20:48
Running Genome analyzer...
  NOTICE: No file with genomic features were provided. Use the --features option if you want to specify it.

  NOTICE: No file with operons were provided. Use the -O option if you want to specify it.
  sortie_sequencagesserreur
  Analysis is finished.
  Skipping drawing Genome fraction, % histogram... (less than 2 columns histogram makes no sense)
Done.

NOTICE: Genes are not predicted by default. Use --gene-finding or --glimmer option to enable it.

2023-05-05 17:20:48
Creating large visual summaries...
This may take a while: press Ctrl-C to skip this step..
  1 of 2: Creating Icarus viewers...
  2 of 2: Creating PDF with all tables and plots...
Done

2023-05-05 17:20:51
RESULTS:
  Text versions of total report are saved to /shared/ifbstor1/projects/tetraselmis_assembly/python/TP_MASB_Limasset/quast_only_ssereur/report.txt, report.tsv, and report.tex
  Text versions of transposed total report are saved to /shared/ifbstor1/projects/tetraselmis_assembly/python/TP_MASB_Limasset/quast_only_ssereur/transposed_report.txt, transposed_report.tsv, and transposed_report.tex
  HTML version (interactive tables and plots) is saved to /shared/ifbstor1/projects/tetraselmis_assembly/python/TP_MASB_Limasset/quast_only_ssereur/report.html
  PDF version (tables and plots) is saved to /shared/ifbstor1/projects/tetraselmis_assembly/python/TP_MASB_Limasset/quast_only_ssereur/report.pdf
  Icarus (contig browser) is saved to /shared/ifbstor1/projects/tetraselmis_assembly/python/TP_MASB_Limasset/quast_only_ssereur/icarus.html
  Log is saved to /shared/ifbstor1/projects/tetraselmis_assembly/python/TP_MASB_Limasset/quast_only_ssereur/quast.log

Finished: 2023-05-05 17:20:51
Elapsed time: 0:00:13.346621
NOTICEs: 3; WARNINGs: 0; non-fatal ERRORs: 0

Thank you for using QUAST!
